2021-07-05 16:34:58 INFO  [springAppName_IS_UNDEFINED] main org.springframework.context.support.PostProcessorRegistrationDelegate$BeanPostProcessorChecker Bean 'org.springframework.cloud.autoconfigure.ConfigurationPropertiesRebinderAutoConfiguration' of type [org.springframework.cloud.autoconfigure.ConfigurationPropertiesRebinderAutoConfiguration$$EnhancerBySpringCGLIB$$35489068] is not eligible for getting processed by all BeanPostProcessors (for example: not eligible for auto-proxying)
2021-07-05 16:34:59 INFO  [IMOOD-Register] main com.dexlace.register.IMoodRegisterApplication No active profile set, falling back to default profiles: default
2021-07-05 16:35:00 INFO  [IMOOD-Register] main org.springframework.cloud.context.scope.GenericScope BeanFactory id=43835d48-42b8-3e41-a2d6-4bf0028643be
2021-07-05 16:35:00 INFO  [IMOOD-Register] main org.springframework.context.support.PostProcessorRegistrationDelegate$BeanPostProcessorChecker Bean 'org.springframework.cloud.autoconfigure.ConfigurationPropertiesRebinderAutoConfiguration' of type [org.springframework.cloud.autoconfigure.ConfigurationPropertiesRebinderAutoConfiguration$$EnhancerBySpringCGLIB$$35489068] is not eligible for getting processed by all BeanPostProcessors (for example: not eligible for auto-proxying)
2021-07-05 16:35:00 INFO  [IMOOD-Register] main org.springframework.boot.web.embedded.tomcat.TomcatWebServer Tomcat initialized with port(s): 7001 (http)
2021-07-05 16:35:00 INFO  [IMOOD-Register] main org.apache.coyote.http11.Http11NioProtocol Initializing ProtocolHandler ["http-nio-7001"]
2021-07-05 16:35:00 INFO  [IMOOD-Register] main org.apache.catalina.core.StandardService Starting service [Tomcat]
2021-07-05 16:35:00 INFO  [IMOOD-Register] main org.apache.catalina.core.StandardEngine Starting Servlet engine: [Apache Tomcat/9.0.21]
2021-07-05 16:35:01 INFO  [IMOOD-Register] main org.apache.catalina.core.ContainerBase.[Tomcat].[localhost].[/register] Initializing Spring embedded WebApplicationContext
2021-07-05 16:35:01 INFO  [IMOOD-Register] main org.springframework.web.context.ContextLoader Root WebApplicationContext: initialization completed in 2419 ms
2021-07-05 16:35:01 INFO  [IMOOD-Register] main com.netflix.config.sources.URLConfigurationSource To enable URLs as dynamic configuration sources, define System property archaius.configurationSource.additionalUrls or make config.properties available on classpath.
2021-07-05 16:35:01 INFO  [IMOOD-Register] main com.netflix.config.DynamicPropertyFactory DynamicPropertyFactory is initialized with configuration sources: com.netflix.config.ConcurrentCompositeConfiguration@48a0c8aa
2021-07-05 16:35:03 INFO  [IMOOD-Register] main org.springframework.boot.actuate.endpoint.web.ServletEndpointRegistrar Registered '/actuator/jolokia' to jolokia-actuator-endpoint
2021-07-05 16:35:03 INFO  [IMOOD-Register] main com.sun.jersey.server.impl.application.WebApplicationImpl Initiating Jersey application, version 'Jersey: 1.19.1 03/11/2016 02:08 PM'
2021-07-05 16:35:03 INFO  [IMOOD-Register] main com.netflix.discovery.provider.DiscoveryJerseyProvider Using JSON encoding codec LegacyJacksonJson
2021-07-05 16:35:03 INFO  [IMOOD-Register] main com.netflix.discovery.provider.DiscoveryJerseyProvider Using JSON decoding codec LegacyJacksonJson
2021-07-05 16:35:04 INFO  [IMOOD-Register] main com.netflix.discovery.provider.DiscoveryJerseyProvider Using XML encoding codec XStreamXml
2021-07-05 16:35:04 INFO  [IMOOD-Register] main com.netflix.discovery.provider.DiscoveryJerseyProvider Using XML decoding codec XStreamXml
2021-07-05 16:35:04 INFO  [IMOOD-Register] main org.springframework.security.web.DefaultSecurityFilterChain Creating filter chain: any request, [org.springframework.security.web.context.request.async.WebAsyncManagerIntegrationFilter@30159886, org.springframework.security.web.context.SecurityContextPersistenceFilter@1600a8a2, org.springframework.security.web.header.HeaderWriterFilter@72b2c5ed, org.springframework.security.web.csrf.CsrfFilter@63124022, org.springframework.security.web.authentication.logout.LogoutFilter@22048bd6, org.springframework.security.web.authentication.UsernamePasswordAuthenticationFilter@5f6494c0, org.springframework.security.web.authentication.ui.DefaultLoginPageGeneratingFilter@5844a2d1, org.springframework.security.web.authentication.ui.DefaultLogoutPageGeneratingFilter@5d66ae3a, org.springframework.security.web.authentication.www.BasicAuthenticationFilter@5e67a490, org.springframework.security.web.savedrequest.RequestCacheAwareFilter@56b1e527, org.springframework.security.web.servletapi.SecurityContextHolderAwareRequestFilter@401317a0, org.springframework.security.web.authentication.AnonymousAuthenticationFilter@50f4b83d, org.springframework.security.web.session.SessionManagementFilter@6c9a3661, org.springframework.security.web.access.ExceptionTranslationFilter@7b5ac347, org.springframework.security.web.access.intercept.FilterSecurityInterceptor@57c69937]
2021-07-05 16:35:04 INFO  [IMOOD-Register] main com.netflix.config.sources.URLConfigurationSource To enable URLs as dynamic configuration sources, define System property archaius.configurationSource.additionalUrls or make config.properties available on classpath.
2021-07-05 16:35:04 INFO  [IMOOD-Register] main org.springframework.scheduling.concurrent.ThreadPoolTaskExecutor Initializing ExecutorService 'applicationTaskExecutor'
2021-07-05 16:35:07 INFO  [IMOOD-Register] main org.springframework.scheduling.concurrent.ThreadPoolTaskScheduler Initializing ExecutorService
2021-07-05 16:35:07 INFO  [IMOOD-Register] main org.springframework.boot.actuate.endpoint.web.EndpointLinksResolver Exposing 20 endpoint(s) beneath base path '/actuator'
2021-07-05 16:35:07 INFO  [IMOOD-Register] main org.springframework.cloud.netflix.eureka.InstanceInfoFactory Setting initial instance status as: STARTING
2021-07-05 16:35:07 INFO  [IMOOD-Register] main com.netflix.discovery.DiscoveryClient Initializing Eureka in region us-east-1
2021-07-05 16:35:07 INFO  [IMOOD-Register] main com.netflix.discovery.DiscoveryClient Client configured to neither register nor query for data.
2021-07-05 16:35:07 INFO  [IMOOD-Register] main com.netflix.discovery.DiscoveryClient Discovery Client initialized at timestamp 1625474107991 with initial instances count: 0
2021-07-05 16:35:08 INFO  [IMOOD-Register] main com.netflix.eureka.DefaultEurekaServerContext Initializing ...
2021-07-05 16:35:08 INFO  [IMOOD-Register] main com.netflix.eureka.registry.AbstractInstanceRegistry Finished initializing remote region registries. All known remote regions: []
2021-07-05 16:35:08 INFO  [IMOOD-Register] main com.netflix.eureka.DefaultEurekaServerContext Initialized
2021-07-05 16:35:08 INFO  [IMOOD-Register] main org.springframework.cloud.netflix.eureka.serviceregistry.EurekaServiceRegistry Registering application IMOOD-REGISTER with eureka with status UP
2021-07-05 16:35:08 INFO  [IMOOD-Register] Thread-33 org.springframework.cloud.netflix.eureka.server.EurekaServerBootstrap Setting the eureka configuration..
2021-07-05 16:35:08 INFO  [IMOOD-Register] Thread-33 org.springframework.cloud.netflix.eureka.server.EurekaServerBootstrap Eureka data center value eureka.datacenter is not set, defaulting to default
2021-07-05 16:35:08 INFO  [IMOOD-Register] Thread-33 org.springframework.cloud.netflix.eureka.server.EurekaServerBootstrap Eureka environment value eureka.environment is not set, defaulting to test
2021-07-05 16:35:08 INFO  [IMOOD-Register] Thread-33 org.springframework.cloud.netflix.eureka.server.EurekaServerBootstrap isAws returned false
2021-07-05 16:35:08 INFO  [IMOOD-Register] Thread-33 org.springframework.cloud.netflix.eureka.server.EurekaServerBootstrap Initialized server context
2021-07-05 16:35:08 INFO  [IMOOD-Register] Thread-33 com.netflix.eureka.registry.PeerAwareInstanceRegistryImpl Got 1 instances from neighboring DS node
2021-07-05 16:35:08 INFO  [IMOOD-Register] Thread-33 com.netflix.eureka.registry.PeerAwareInstanceRegistryImpl Renew threshold is: 1
2021-07-05 16:35:08 INFO  [IMOOD-Register] Thread-33 com.netflix.eureka.registry.PeerAwareInstanceRegistryImpl Changing status to UP
2021-07-05 16:35:08 INFO  [IMOOD-Register] main org.apache.coyote.http11.Http11NioProtocol Starting ProtocolHandler ["http-nio-7001"]
2021-07-05 16:35:08 INFO  [IMOOD-Register] Thread-33 org.springframework.cloud.netflix.eureka.server.EurekaServerInitializerConfiguration Started Eureka Server
2021-07-05 16:35:08 INFO  [IMOOD-Register] main org.springframework.boot.web.embedded.tomcat.TomcatWebServer Tomcat started on port(s): 7001 (http) with context path '/register'
2021-07-05 16:35:08 INFO  [IMOOD-Register] main org.springframework.cloud.netflix.eureka.serviceregistry.EurekaAutoServiceRegistration Updating port to 7001
2021-07-05 16:35:08 INFO  [IMOOD-Register] main com.dexlace.register.IMoodRegisterApplication Started IMoodRegisterApplication in 11.578 seconds (JVM running for 13.605)
2021-07-05 16:35:08 INFO  [IMOOD-Register] RMI TCP Connection(1)-192.168.205.1 org.apache.catalina.core.ContainerBase.[Tomcat].[localhost].[/register] Initializing Spring DispatcherServlet 'dispatcherServlet'
2021-07-05 16:35:08 INFO  [IMOOD-Register] RMI TCP Connection(1)-192.168.205.1 org.springframework.web.servlet.DispatcherServlet Initializing Servlet 'dispatcherServlet'
2021-07-05 16:35:08 INFO  [IMOOD-Register] RMI TCP Connection(1)-192.168.205.1 org.springframework.web.servlet.DispatcherServlet Completed initialization in 7 ms
2021-07-05 16:35:41 INFO  [IMOOD-Register] http-nio-7001-exec-2 com.netflix.eureka.registry.AbstractInstanceRegistry Registered instance IMOOD-AUTH/www.imoocnews.com:IMOOD-Auth:8101 with status UP (replication=false)
2021-07-05 16:36:08 INFO  [IMOOD-Register] Eureka-EvictionTimer com.netflix.eureka.registry.AbstractInstanceRegistry Running the evict task with compensationTime 0ms
2021-07-05 16:36:30 INFO  [IMOOD-Register] http-nio-7001-exec-2 com.netflix.eureka.registry.AbstractInstanceRegistry Registered instance IMOOD-GATEWAY/www.imoocnews.com:IMOOD-Gateway:8301 with status UP (replication=false)
2021-07-05 16:37:00 INFO  [IMOOD-Register] http-nio-7001-exec-5 com.netflix.eureka.registry.AbstractInstanceRegistry Registered instance IMOOD-SERVER-TEST/www.imoocnews.com:IMOOD-Server-Test:8202 with status UP (replication=false)
2021-07-05 16:37:08 INFO  [IMOOD-Register] Eureka-EvictionTimer com.netflix.eureka.registry.AbstractInstanceRegistry Running the evict task with compensationTime 10ms
2021-07-05 16:37:22 INFO  [IMOOD-Register] registrationTask1 de.codecentric.boot.admin.client.registration.ApplicationRegistrator Application registered itself as 1b9d64e16257
2021-07-05 16:37:41 INFO  [IMOOD-Register] http-nio-7001-exec-7 com.netflix.eureka.registry.AbstractInstanceRegistry Registered instance IMOOD-SERVER-SYSTEM/www.imoocnews.com:IMOOD-Server-System:8201 with status UP (replication=false)
2021-07-05 16:38:08 INFO  [IMOOD-Register] Eureka-EvictionTimer com.netflix.eureka.registry.AbstractInstanceRegistry Running the evict task with compensationTime 1ms
2021-07-05 18:28:47 INFO  [springAppName_IS_UNDEFINED] main org.springframework.context.support.PostProcessorRegistrationDelegate$BeanPostProcessorChecker Bean 'org.springframework.cloud.autoconfigure.ConfigurationPropertiesRebinderAutoConfiguration' of type [org.springframework.cloud.autoconfigure.ConfigurationPropertiesRebinderAutoConfiguration$$EnhancerBySpringCGLIB$$6feab33] is not eligible for getting processed by all BeanPostProcessors (for example: not eligible for auto-proxying)
2021-07-05 18:28:48 INFO  [IMOOD-Register] main com.dexlace.register.IMoodRegisterApplication No active profile set, falling back to default profiles: default
2021-07-05 18:28:50 INFO  [IMOOD-Register] main org.springframework.cloud.context.scope.GenericScope BeanFactory id=43835d48-42b8-3e41-a2d6-4bf0028643be
2021-07-05 18:28:51 INFO  [IMOOD-Register] main org.springframework.context.support.PostProcessorRegistrationDelegate$BeanPostProcessorChecker Bean 'org.springframework.cloud.autoconfigure.ConfigurationPropertiesRebinderAutoConfiguration' of type [org.springframework.cloud.autoconfigure.ConfigurationPropertiesRebinderAutoConfiguration$$EnhancerBySpringCGLIB$$6feab33] is not eligible for getting processed by all BeanPostProcessors (for example: not eligible for auto-proxying)
2021-07-05 18:28:51 INFO  [IMOOD-Register] main org.springframework.boot.web.embedded.tomcat.TomcatWebServer Tomcat initialized with port(s): 7001 (http)
2021-07-05 18:28:51 INFO  [IMOOD-Register] main org.apache.coyote.http11.Http11NioProtocol Initializing ProtocolHandler ["http-nio-7001"]
2021-07-05 18:28:51 INFO  [IMOOD-Register] main org.apache.catalina.core.StandardService Starting service [Tomcat]
2021-07-05 18:28:51 INFO  [IMOOD-Register] main org.apache.catalina.core.StandardEngine Starting Servlet engine: [Apache Tomcat/9.0.21]
2021-07-05 18:28:51 INFO  [IMOOD-Register] main org.apache.catalina.core.ContainerBase.[Tomcat].[localhost].[/register] Initializing Spring embedded WebApplicationContext
2021-07-05 18:28:51 INFO  [IMOOD-Register] main org.springframework.web.context.ContextLoader Root WebApplicationContext: initialization completed in 2856 ms
2021-07-05 18:28:52 INFO  [IMOOD-Register] main com.netflix.config.sources.URLConfigurationSource To enable URLs as dynamic configuration sources, define System property archaius.configurationSource.additionalUrls or make config.properties available on classpath.
2021-07-05 18:28:52 INFO  [IMOOD-Register] main com.netflix.config.DynamicPropertyFactory DynamicPropertyFactory is initialized with configuration sources: com.netflix.config.ConcurrentCompositeConfiguration@61bfc9bf
2021-07-05 18:28:53 INFO  [IMOOD-Register] main org.springframework.boot.actuate.endpoint.web.ServletEndpointRegistrar Registered '/actuator/jolokia' to jolokia-actuator-endpoint
2021-07-05 18:28:53 INFO  [IMOOD-Register] main com.sun.jersey.server.impl.application.WebApplicationImpl Initiating Jersey application, version 'Jersey: 1.19.1 03/11/2016 02:08 PM'
2021-07-05 18:28:53 INFO  [IMOOD-Register] main com.netflix.discovery.provider.DiscoveryJerseyProvider Using JSON encoding codec LegacyJacksonJson
2021-07-05 18:28:53 INFO  [IMOOD-Register] main com.netflix.discovery.provider.DiscoveryJerseyProvider Using JSON decoding codec LegacyJacksonJson
2021-07-05 18:28:54 INFO  [IMOOD-Register] main com.netflix.discovery.provider.DiscoveryJerseyProvider Using XML encoding codec XStreamXml
2021-07-05 18:28:54 INFO  [IMOOD-Register] main com.netflix.discovery.provider.DiscoveryJerseyProvider Using XML decoding codec XStreamXml
2021-07-05 18:28:54 INFO  [IMOOD-Register] main org.springframework.security.web.DefaultSecurityFilterChain Creating filter chain: any request, [org.springframework.security.web.context.request.async.WebAsyncManagerIntegrationFilter@d6b532f, org.springframework.security.web.context.SecurityContextPersistenceFilter@56c0a61e, org.springframework.security.web.header.HeaderWriterFilter@57c69937, org.springframework.security.web.csrf.CsrfFilter@4b4a2fa8, org.springframework.security.web.authentication.logout.LogoutFilter@64a1116a, org.springframework.security.web.authentication.UsernamePasswordAuthenticationFilter@47a3d56a, org.springframework.security.web.authentication.ui.DefaultLoginPageGeneratingFilter@30159886, org.springframework.security.web.authentication.ui.DefaultLogoutPageGeneratingFilter@2f4d01b6, org.springframework.security.web.authentication.www.BasicAuthenticationFilter@532dacf5, org.springframework.security.web.savedrequest.RequestCacheAwareFilter@5dcf0772, org.springframework.security.web.servletapi.SecurityContextHolderAwareRequestFilter@7f4e5a39, org.springframework.security.web.authentication.AnonymousAuthenticationFilter@112c2930, org.springframework.security.web.session.SessionManagementFilter@446b64b3, org.springframework.security.web.access.ExceptionTranslationFilter@4ae280da, org.springframework.security.web.access.intercept.FilterSecurityInterceptor@4c04216f]
2021-07-05 18:28:54 INFO  [IMOOD-Register] main com.netflix.config.sources.URLConfigurationSource To enable URLs as dynamic configuration sources, define System property archaius.configurationSource.additionalUrls or make config.properties available on classpath.
2021-07-05 18:28:55 INFO  [IMOOD-Register] main org.springframework.scheduling.concurrent.ThreadPoolTaskExecutor Initializing ExecutorService 'applicationTaskExecutor'
2021-07-05 18:28:56 INFO  [IMOOD-Register] main org.springframework.scheduling.concurrent.ThreadPoolTaskScheduler Initializing ExecutorService
2021-07-05 18:28:56 INFO  [IMOOD-Register] main org.springframework.boot.actuate.endpoint.web.EndpointLinksResolver Exposing 20 endpoint(s) beneath base path '/actuator'
2021-07-05 18:28:57 INFO  [IMOOD-Register] main org.springframework.cloud.netflix.eureka.InstanceInfoFactory Setting initial instance status as: STARTING
2021-07-05 18:28:57 INFO  [IMOOD-Register] main com.netflix.discovery.DiscoveryClient Initializing Eureka in region us-east-1
2021-07-05 18:28:57 INFO  [IMOOD-Register] main com.netflix.discovery.DiscoveryClient Client configured to neither register nor query for data.
2021-07-05 18:28:57 INFO  [IMOOD-Register] main com.netflix.discovery.DiscoveryClient Discovery Client initialized at timestamp 1625480937743 with initial instances count: 0
2021-07-05 18:28:57 INFO  [IMOOD-Register] main com.netflix.eureka.DefaultEurekaServerContext Initializing ...
2021-07-05 18:28:57 INFO  [IMOOD-Register] main com.netflix.eureka.registry.AbstractInstanceRegistry Finished initializing remote region registries. All known remote regions: []
2021-07-05 18:28:57 INFO  [IMOOD-Register] main com.netflix.eureka.DefaultEurekaServerContext Initialized
2021-07-05 18:28:57 INFO  [IMOOD-Register] main org.springframework.cloud.netflix.eureka.serviceregistry.EurekaServiceRegistry Registering application IMOOD-REGISTER with eureka with status UP
2021-07-05 18:28:57 INFO  [IMOOD-Register] Thread-35 org.springframework.cloud.netflix.eureka.server.EurekaServerBootstrap Setting the eureka configuration..
2021-07-05 18:28:57 INFO  [IMOOD-Register] Thread-35 org.springframework.cloud.netflix.eureka.server.EurekaServerBootstrap Eureka data center value eureka.datacenter is not set, defaulting to default
2021-07-05 18:28:57 INFO  [IMOOD-Register] Thread-35 org.springframework.cloud.netflix.eureka.server.EurekaServerBootstrap Eureka environment value eureka.environment is not set, defaulting to test
2021-07-05 18:28:57 INFO  [IMOOD-Register] Thread-35 org.springframework.cloud.netflix.eureka.server.EurekaServerBootstrap isAws returned false
2021-07-05 18:28:57 INFO  [IMOOD-Register] Thread-35 org.springframework.cloud.netflix.eureka.server.EurekaServerBootstrap Initialized server context
2021-07-05 18:28:57 INFO  [IMOOD-Register] Thread-35 com.netflix.eureka.registry.PeerAwareInstanceRegistryImpl Got 1 instances from neighboring DS node
2021-07-05 18:28:57 INFO  [IMOOD-Register] Thread-35 com.netflix.eureka.registry.PeerAwareInstanceRegistryImpl Renew threshold is: 1
2021-07-05 18:28:57 INFO  [IMOOD-Register] main org.apache.coyote.http11.Http11NioProtocol Starting ProtocolHandler ["http-nio-7001"]
2021-07-05 18:28:57 INFO  [IMOOD-Register] Thread-35 com.netflix.eureka.registry.PeerAwareInstanceRegistryImpl Changing status to UP
2021-07-05 18:28:57 INFO  [IMOOD-Register] Thread-35 org.springframework.cloud.netflix.eureka.server.EurekaServerInitializerConfiguration Started Eureka Server
2021-07-05 18:28:57 INFO  [IMOOD-Register] main org.springframework.boot.web.embedded.tomcat.TomcatWebServer Tomcat started on port(s): 7001 (http) with context path '/register'
2021-07-05 18:28:57 INFO  [IMOOD-Register] main org.springframework.cloud.netflix.eureka.serviceregistry.EurekaAutoServiceRegistration Updating port to 7001
2021-07-05 18:28:57 INFO  [IMOOD-Register] main com.dexlace.register.IMoodRegisterApplication Started IMoodRegisterApplication in 12.294 seconds (JVM running for 15.695)
2021-07-05 18:28:59 INFO  [IMOOD-Register] RMI TCP Connection(3)-192.168.205.1 org.apache.catalina.core.ContainerBase.[Tomcat].[localhost].[/register] Initializing Spring DispatcherServlet 'dispatcherServlet'
2021-07-05 18:28:59 INFO  [IMOOD-Register] RMI TCP Connection(3)-192.168.205.1 org.springframework.web.servlet.DispatcherServlet Initializing Servlet 'dispatcherServlet'
2021-07-05 18:28:59 INFO  [IMOOD-Register] RMI TCP Connection(3)-192.168.205.1 org.springframework.web.servlet.DispatcherServlet Completed initialization in 7 ms
2021-07-05 18:29:28 INFO  [IMOOD-Register] http-nio-7001-exec-1 com.netflix.eureka.registry.AbstractInstanceRegistry Registered instance IMOOD-GATEWAY/www.imoocnews.com:IMOOD-Gateway:8301 with status UP (replication=false)
2021-07-05 18:29:57 INFO  [IMOOD-Register] Eureka-EvictionTimer com.netflix.eureka.registry.AbstractInstanceRegistry Running the evict task with compensationTime 0ms
2021-07-05 18:30:01 INFO  [IMOOD-Register] http-nio-7001-exec-5 com.netflix.eureka.registry.AbstractInstanceRegistry Registered instance IMOOD-AUTH/www.imoocnews.com:IMOOD-Auth:8101 with status UP (replication=false)
2021-07-05 18:30:56 INFO  [IMOOD-Register] http-nio-7001-exec-9 com.netflix.eureka.registry.AbstractInstanceRegistry Registered instance IMOOD-SERVER-TEST/www.imoocnews.com:IMOOD-Server-Test:8202 with status UP (replication=false)
2021-07-05 18:30:57 INFO  [IMOOD-Register] Eureka-EvictionTimer com.netflix.eureka.registry.AbstractInstanceRegistry Running the evict task with compensationTime 16ms
2021-07-05 18:31:44 INFO  [IMOOD-Register] registrationTask1 de.codecentric.boot.admin.client.registration.ApplicationRegistrator Application registered itself as 1b9d64e16257
2021-07-05 18:31:56 INFO  [IMOOD-Register] http-nio-7001-exec-9 com.netflix.eureka.registry.AbstractInstanceRegistry Registered instance IMOOD-SERVER-SYSTEM/www.imoocnews.com:IMOOD-Server-System:8201 with status UP (replication=false)
2021-07-05 18:31:57 INFO  [IMOOD-Register] Eureka-EvictionTimer com.netflix.eureka.registry.AbstractInstanceRegistry Running the evict task with compensationTime 0ms
2021-07-05 18:32:57 INFO  [IMOOD-Register] Eureka-EvictionTimer com.netflix.eureka.registry.AbstractInstanceRegistry Running the evict task with compensationTime 0ms
2021-07-05 18:33:57 INFO  [IMOOD-Register] Eureka-EvictionTimer com.netflix.eureka.registry.AbstractInstanceRegistry Running the evict task with compensationTime 1ms
